DEBUG:root:Episode 1    Average Score: 0.572    Current (avg) Score: 0.572 
DEBUG:root:Episode 2    Average Score: 0.575    Current (avg) Score: 0.578 
DEBUG:root:Episode 3    Average Score: 0.636    Current (avg) Score: 0.758 
DEBUG:root:Episode 4    Average Score: 0.677    Current (avg) Score: 0.800 
DEBUG:root:Episode 5    Average Score: 0.707    Current (avg) Score: 0.828 
DEBUG:root:Episode 6    Average Score: 0.703    Current (avg) Score: 0.681 
DEBUG:root:Episode 7    Average Score: 0.697    Current (avg) Score: 0.660 
DEBUG:root:Episode 8    Average Score: 0.697    Current (avg) Score: 0.695 
DEBUG:root:Episode 9    Average Score: 0.698    Current (avg) Score: 0.712 
DEBUG:root:Episode 10   Average Score: 0.720    Current (avg) Score: 0.913 
DEBUG:root:Episode 11   Average Score: 0.726    Current (avg) Score: 0.788 
DEBUG:root:Episode 12   Average Score: 0.732    Current (avg) Score: 0.798 
DEBUG:root:Episode 13   Average Score: 0.758    Current (avg) Score: 1.074 
DEBUG:root:Episode 14   Average Score: 0.793    Current (avg) Score: 1.240 
DEBUG:root:Episode 15   Average Score: 0.825    Current (avg) Score: 1.271 
DEBUG:root:Episode 16   Average Score: 0.843    Current (avg) Score: 1.111 
DEBUG:root:Episode 17   Average Score: 0.872    Current (avg) Score: 1.334 
DEBUG:root:Episode 18   Average Score: 0.901    Current (avg) Score: 1.408 
DEBUG:root:Episode 19   Average Score: 0.947    Current (avg) Score: 1.761 
DEBUG:root:Episode 20   Average Score: 0.979    Current (avg) Score: 1.586 
DEBUG:root:Episode 21   Average Score: 1.008    Current (avg) Score: 1.604 
DEBUG:root:Episode 22   Average Score: 1.026    Current (avg) Score: 1.386 
DEBUG:root:Episode 23   Average Score: 1.059    Current (avg) Score: 1.790 
DEBUG:root:Episode 24   Average Score: 1.095    Current (avg) Score: 1.930 
DEBUG:root:Episode 25   Average Score: 1.122    Current (avg) Score: 1.774 
DEBUG:root:Episode 26   Average Score: 1.160    Current (avg) Score: 2.111 
DEBUG:root:Episode 27   Average Score: 1.197    Current (avg) Score: 2.164 
DEBUG:root:Episode 28   Average Score: 1.229    Current (avg) Score: 2.094 
DEBUG:root:Episode 29   Average Score: 1.259    Current (avg) Score: 2.094 
DEBUG:root:Episode 30   Average Score: 1.292    Current (avg) Score: 2.242 
DEBUG:root:Episode 31   Average Score: 1.334    Current (avg) Score: 2.579 
DEBUG:root:Episode 32   Average Score: 1.375    Current (avg) Score: 2.668 
DEBUG:root:Episode 33   Average Score: 1.423    Current (avg) Score: 2.943 
DEBUG:root:Episode 34   Average Score: 1.471    Current (avg) Score: 3.061 
DEBUG:root:Episode 35   Average Score: 1.500    Current (avg) Score: 2.477 
DEBUG:root:Episode 36   Average Score: 1.537    Current (avg) Score: 2.846 
DEBUG:root:Episode 37   Average Score: 1.586    Current (avg) Score: 3.351 
DEBUG:root:Episode 38   Average Score: 1.627    Current (avg) Score: 3.140 
DEBUG:root:Episode 39   Average Score: 1.681    Current (avg) Score: 3.719 
DEBUG:root:Episode 40   Average Score: 1.729    Current (avg) Score: 3.621 
DEBUG:root:Episode 41   Average Score: 1.768    Current (avg) Score: 3.321 
DEBUG:root:Episode 42   Average Score: 1.821    Current (avg) Score: 3.971 
DEBUG:root:Episode 43   Average Score: 1.897    Current (avg) Score: 5.097 
DEBUG:root:Episode 44   Average Score: 1.948    Current (avg) Score: 4.132 
DEBUG:root:Episode 45   Average Score: 2.009    Current (avg) Score: 4.700 
DEBUG:root:Episode 46   Average Score: 2.091    Current (avg) Score: 5.815 
DEBUG:root:Episode 47   Average Score: 2.157    Current (avg) Score: 5.188                                     
DEBUG:root:Episode 48   Average Score: 2.211    Current (avg) Score: 4.719 
DEBUG:root:Episode 49   Average Score: 2.267    Current (avg) Score: 4.974  
DEBUG:root:Episode 50   Average Score: 2.324    Current (avg) Score: 5.114                                     
DEBUG:root:Episode 51   Average Score: 2.374    Current (avg) Score: 4.879 
DEBUG:root:Episode 52   Average Score: 2.429    Current (avg) Score: 5.234 
DEBUG:root:Episode 53   Average Score: 2.493    Current (avg) Score: 5.801 
DEBUG:root:Episode 54   Average Score: 2.566    Current (avg) Score: 6.452 
DEBUG:root:Episode 55   Average Score: 2.625    Current (avg) Score: 5.815 
DEBUG:root:Episode 56   Average Score: 2.703    Current (avg) Score: 6.996 
DEBUG:root:Episode 57   Average Score: 2.767    Current (avg) Score: 6.342 
DEBUG:root:Episode 58   Average Score: 2.827    Current (avg) Score: 6.266 
DEBUG:root:Episode 59   Average Score: 2.910    Current (avg) Score: 7.677 
DEBUG:root:Episode 60   Average Score: 2.977    Current (avg) Score: 6.979 
DEBUG:root:Episode 61   Average Score: 3.073    Current (avg) Score: 8.806 
DEBUG:root:Episode 62   Average Score: 3.160    Current (avg) Score: 8.469 
DEBUG:root:Episode 63   Average Score: 3.249    Current (avg) Score: 8.735 
DEBUG:root:Episode 64   Average Score: 3.315    Current (avg) Score: 7.516 
DEBUG:root:Episode 65   Average Score: 3.391    Current (avg) Score: 8.249 
DEBUG:root:Episode 66   Average Score: 3.466    Current (avg) Score: 8.349 
DEBUG:root:Episode 67   Average Score: 3.553    Current (avg) Score: 9.278 
DEBUG:root:Episode 68   Average Score: 3.639    Current (avg) Score: 9.428 
DEBUG:root:Episode 69   Average Score: 3.731    Current (avg) Score: 9.935 
DEBUG:root:Episode 70   Average Score: 3.824    Current (avg) Score: 10.239
DEBUG:root:Episode 71   Average Score: 3.935    Current (avg) Score: 11.711
DEBUG:root:Episode 72   Average Score: 4.021    Current (avg) Score: 10.137
DEBUG:root:Episode 73   Average Score: 4.119    Current (avg) Score: 11.154                                    
DEBUG:root:Episode 74   Average Score: 4.210    Current (avg) Score: 10.899
DEBUG:root:Episode 75   Average Score: 4.286    Current (avg) Score: 9.856  
DEBUG:root:Episode 76   Average Score: 4.388    Current (avg) Score: 12.054                                    
DEBUG:root:Episode 77   Average Score: 4.481    Current (avg) Score: 11.559
DEBUG:root:Episode 78   Average Score: 4.592    Current (avg) Score: 13.137
DEBUG:root:Episode 79   Average Score: 4.700    Current (avg) Score: 13.142
DEBUG:root:Episode 80   Average Score: 4.804    Current (avg) Score: 13.050
DEBUG:root:Episode 81   Average Score: 4.922    Current (avg) Score: 14.357
DEBUG:root:Episode 82   Average Score: 5.026    Current (avg) Score: 13.423
DEBUG:root:Episode 83   Average Score: 5.115    Current (avg) Score: 12.379
DEBUG:root:Episode 84   Average Score: 5.210    Current (avg) Score: 13.139
DEBUG:root:Episode 85   Average Score: 5.295    Current (avg) Score: 12.432
DEBUG:root:Episode 86   Average Score: 5.402    Current (avg) Score: 14.447
DEBUG:root:Episode 87   Average Score: 5.505    Current (avg) Score: 14.380
DEBUG:root:Episode 88   Average Score: 5.615    Current (avg) Score: 15.235
DEBUG:root:Episode 89   Average Score: 5.711    Current (avg) Score: 14.091
DEBUG:root:Episode 90   Average Score: 5.830    Current (avg) Score: 16.491
DEBUG:root:Episode 91   Average Score: 5.950    Current (avg) Score: 16.730
DEBUG:root:Episode 92   Average Score: 6.047    Current (avg) Score: 14.864
DEBUG:root:Episode 93   Average Score: 6.158    Current (avg) Score: 16.411
DEBUG:root:Episode 94   Average Score: 6.268    Current (avg) Score: 16.444
DEBUG:root:Episode 95   Average Score: 6.377    Current (avg) Score: 16.593
DEBUG:root:Episode 96   Average Score: 6.493    Current (avg) Score: 17.548
DEBUG:root:Episode 97   Average Score: 6.604    Current (avg) Score: 17.241
DEBUG:root:Episode 98   Average Score: 6.712    Current (avg) Score: 17.237
DEBUG:root:Episode 99   Average Score: 6.817    Current (avg) Score: 17.078                                    
DEBUG:root:Episode 100  Average Score: 6.932    Current (avg) Score: 18.300
INFO:root:Episode 100   Average Score: 6.932                                
INFO:root:Saving checkpoint file...                                                                            
DEBUG:root:Episode 101  Average Score: 7.123    Current (avg) Score: 19.640
DEBUG:root:Episode 102  Average Score: 7.311    Current (avg) Score: 19.381
DEBUG:root:Episode 103  Average Score: 7.512    Current (avg) Score: 20.876
DEBUG:root:Episode 104  Average Score: 7.717    Current (avg) Score: 21.368
DEBUG:root:Episode 105  Average Score: 7.918    Current (avg) Score: 20.889
DEBUG:root:Episode 106  Average Score: 8.115    Current (avg) Score: 20.353
DEBUG:root:Episode 107  Average Score: 8.325    Current (avg) Score: 21.638
DEBUG:root:Episode 108  Average Score: 8.556    Current (avg) Score: 23.805
DEBUG:root:Episode 109  Average Score: 8.771    Current (avg) Score: 22.216
DEBUG:root:Episode 110  Average Score: 8.989    Current (avg) Score: 22.780
DEBUG:root:Episode 111  Average Score: 9.199    Current (avg) Score: 21.795
DEBUG:root:Episode 112  Average Score: 9.405    Current (avg) Score: 21.402
DEBUG:root:Episode 113  Average Score: 9.643    Current (avg) Score: 24.865
DEBUG:root:Episode 114  Average Score: 9.870    Current (avg) Score: 23.870
DEBUG:root:Episode 115  Average Score: 10.095   Current (avg) Score: 23.804
DEBUG:root:Episode 116  Average Score: 10.349   Current (avg) Score: 26.496
DEBUG:root:Episode 117  Average Score: 10.588   Current (avg) Score: 25.256
DEBUG:root:Episode 118  Average Score: 10.841   Current (avg) Score: 26.696
DEBUG:root:Episode 119  Average Score: 11.103   Current (avg) Score: 27.970
DEBUG:root:Episode 120  Average Score: 11.348   Current (avg) Score: 26.071
DEBUG:root:Episode 121  Average Score: 11.594   Current (avg) Score: 26.176
DEBUG:root:Episode 122  Average Score: 11.845   Current (avg) Score: 26.501
DEBUG:root:Episode 123  Average Score: 12.103   Current (avg) Score: 27.616                                    
DEBUG:root:Episode 124  Average Score: 12.345   Current (avg) Score: 26.153
DEBUG:root:Episode 125  Average Score: 12.610   Current (avg) Score: 28.201 
DEBUG:root:Episode 126  Average Score: 12.870   Current (avg) Score: 28.185                                    
DEBUG:root:Episode 127  Average Score: 13.131   Current (avg) Score: 28.270
DEBUG:root:Episode 128  Average Score: 13.380   Current (avg) Score: 27.009
DEBUG:root:Episode 129  Average Score: 13.647   Current (avg) Score: 28.729
DEBUG:root:Episode 130  Average Score: 13.910   Current (avg) Score: 28.533
DEBUG:root:Episode 131  Average Score: 14.158   Current (avg) Score: 27.407
DEBUG:root:Episode 132  Average Score: 14.428   Current (avg) Score: 29.631
DEBUG:root:Episode 133  Average Score: 14.683   Current (avg) Score: 28.466
DEBUG:root:Episode 134  Average Score: 14.947   Current (avg) Score: 29.517
DEBUG:root:Episode 135  Average Score: 15.208   Current (avg) Score: 28.489
DEBUG:root:Episode 136  Average Score: 15.478   Current (avg) Score: 29.908
DEBUG:root:Episode 137  Average Score: 15.738   Current (avg) Score: 29.333
DEBUG:root:Episode 138  Average Score: 15.999   Current (avg) Score: 29.247
DEBUG:root:Episode 139  Average Score: 16.263   Current (avg) Score: 30.088
DEBUG:root:Episode 140  Average Score: 16.522   Current (avg) Score: 29.555
DEBUG:root:Episode 141  Average Score: 16.774   Current (avg) Score: 28.541
DEBUG:root:Episode 142  Average Score: 17.014   Current (avg) Score: 27.978
DEBUG:root:Episode 143  Average Score: 17.248   Current (avg) Score: 28.459
DEBUG:root:Episode 144  Average Score: 17.488   Current (avg) Score: 28.105
DEBUG:root:Episode 145  Average Score: 17.732   Current (avg) Score: 29.099
DEBUG:root:Episode 146  Average Score: 17.964   Current (avg) Score: 29.081
DEBUG:root:Episode 147  Average Score: 18.217   Current (avg) Score: 30.406
DEBUG:root:Episode 148  Average Score: 18.457   Current (avg) Score: 28.737
DEBUG:root:Episode 149  Average Score: 18.672   Current (avg) Score: 26.522                                    
DEBUG:root:Episode 150  Average Score: 18.909   Current (avg) Score: 28.807
DEBUG:root:Episode 151  Average Score: 19.141   Current (avg) Score: 28.078 
DEBUG:root:Episode 152  Average Score: 19.379   Current (avg) Score: 29.045                                    
DEBUG:root:Episode 153  Average Score: 19.612   Current (avg) Score: 29.030
DEBUG:root:Episode 154  Average Score: 19.844   Current (avg) Score: 29.730
DEBUG:root:Episode 155  Average Score: 20.087   Current (avg) Score: 30.111
DEBUG:root:Episode 156  Average Score: 20.306   Current (avg) Score: 28.895
DEBUG:root:Episode 157  Average Score: 20.541   Current (avg) Score: 29.828
DEBUG:root:Episode 158  Average Score: 20.764   Current (avg) Score: 28.563
DEBUG:root:Episode 159  Average Score: 20.968   Current (avg) Score: 28.116
DEBUG:root:Episode 160  Average Score: 21.198   Current (avg) Score: 29.913
DEBUG:root:Episode 161  Average Score: 21.411   Current (avg) Score: 30.138
DEBUG:root:Episode 162  Average Score: 21.623   Current (avg) Score: 29.614
DEBUG:root:Episode 163  Average Score: 21.824   Current (avg) Score: 28.860
DEBUG:root:Episode 164  Average Score: 22.048   Current (avg) Score: 29.976
DEBUG:root:Episode 165  Average Score: 22.252   Current (avg) Score: 28.566
DEBUG:root:Episode 166  Average Score: 22.464   Current (avg) Score: 29.581
DEBUG:root:Episode 167  Average Score: 22.669   Current (avg) Score: 29.773
DEBUG:root:Episode 168  Average Score: 22.866   Current (avg) Score: 29.190
DEBUG:root:Episode 169  Average Score: 23.050   Current (avg) Score: 28.297
DEBUG:root:Episode 170  Average Score: 23.239   Current (avg) Score: 29.084
DEBUG:root:Episode 171  Average Score: 23.413   Current (avg) Score: 29.199
DEBUG:root:Episode 172  Average Score: 23.596   Current (avg) Score: 28.387
DEBUG:root:Episode 173  Average Score: 23.772   Current (avg) Score: 28.806
DEBUG:root:Episode 174  Average Score: 23.944   Current (avg) Score: 28.059
DEBUG:root:Episode 175  Average Score: 24.132   Current (avg) Score: 28.611                                    
DEBUG:root:Episode 176  Average Score: 24.304   Current (avg) Score: 29.342
DEBUG:root:Episode 177  Average Score: 24.478   Current (avg) Score: 28.892 
DEBUG:root:Episode 178  Average Score: 24.632   Current (avg) Score: 28.585                                    
DEBUG:root:Episode 179  Average Score: 24.782   Current (avg) Score: 28.072
DEBUG:root:Episode 180  Average Score: 24.942   Current (avg) Score: 29.073
DEBUG:root:Episode 181  Average Score: 25.100   Current (avg) Score: 30.222
DEBUG:root:Episode 182  Average Score: 25.257   Current (avg) Score: 29.126
DEBUG:root:Episode 183  Average Score: 25.415   Current (avg) Score: 28.165
DEBUG:root:Episode 184  Average Score: 25.583   Current (avg) Score: 29.887
DEBUG:root:Episode 185  Average Score: 25.742   Current (avg) Score: 28.389
DEBUG:root:Episode 186  Average Score: 25.893   Current (avg) Score: 29.460
DEBUG:root:Episode 187  Average Score: 26.038   Current (avg) Score: 28.911
DEBUG:root:Episode 188  Average Score: 26.176   Current (avg) Score: 29.012
DEBUG:root:Episode 189  Average Score: 26.333   Current (avg) Score: 29.795
DEBUG:root:Episode 190  Average Score: 26.451   Current (avg) Score: 28.287
DEBUG:root:Episode 191  Average Score: 26.585   Current (avg) Score: 30.177
DEBUG:root:Episode 192  Average Score: 26.740   Current (avg) Score: 30.324
DEBUG:root:Episode 193  Average Score: 26.874   Current (avg) Score: 29.809
DEBUG:root:Episode 194  Average Score: 27.001   Current (avg) Score: 29.129
DEBUG:root:Episode 195  Average Score: 27.134   Current (avg) Score: 29.975
DEBUG:root:Episode 196  Average Score: 27.257   Current (avg) Score: 29.815
DEBUG:root:Episode 197  Average Score: 27.390   Current (avg) Score: 30.541
DEBUG:root:Episode 198  Average Score: 27.508   Current (avg) Score: 29.013
DEBUG:root:Episode 199  Average Score: 27.633   Current (avg) Score: 29.603
DEBUG:root:Episode 200  Average Score: 27.746   Current (avg) Score: 29.600
INFO:root:Episode 200   Average Score: 27.746                                                                  
INFO:root:Saving checkpoint file...                                        
DEBUG:root:Episode 201  Average Score: 27.834   Current (avg) Score: 28.427 
DEBUG:root:Episode 202  Average Score: 27.937   Current (avg) Score: 29.675                                    
DEBUG:root:Episode 203  Average Score: 28.032   Current (avg) Score: 30.378
DEBUG:root:Episode 204  Average Score: 28.113   Current (avg) Score: 29.515
DEBUG:root:Episode 205  Average Score: 28.198   Current (avg) Score: 29.325
DEBUG:root:Episode 206  Average Score: 28.294   Current (avg) Score: 29.965
DEBUG:root:Episode 207  Average Score: 28.375   Current (avg) Score: 29.803
DEBUG:root:Episode 208  Average Score: 28.438   Current (avg) Score: 30.028
DEBUG:root:Episode 209  Average Score: 28.497   Current (avg) Score: 28.189
DEBUG:root:Episode 210  Average Score: 28.565   Current (avg) Score: 29.549
DEBUG:root:Episode 211  Average Score: 28.637   Current (avg) Score: 29.004
DEBUG:root:Episode 212  Average Score: 28.718   Current (avg) Score: 29.465
DEBUG:root:Episode 213  Average Score: 28.766   Current (avg) Score: 29.693
DEBUG:root:Episode 214  Average Score: 28.832   Current (avg) Score: 30.458
DEBUG:root:Episode 215  Average Score: 28.890   Current (avg) Score: 29.611
DEBUG:root:Episode 216  Average Score: 28.922   Current (avg) Score: 29.683
DEBUG:root:Episode 217  Average Score: 28.970   Current (avg) Score: 30.099
DEBUG:root:Episode 218  Average Score: 29.006   Current (avg) Score: 30.236
DEBUG:root:Episode 219  Average Score: 29.027   Current (avg) Score: 30.146
DEBUG:root:Episode 220  Average Score: 29.071   Current (avg) Score: 30.387
DEBUG:root:Episode 221  Average Score: 29.119   Current (avg) Score: 31.036
DEBUG:root:Episode 222  Average Score: 29.161   Current (avg) Score: 30.630
DEBUG:root:Episode 223  Average Score: 29.194   Current (avg) Score: 30.974
DEBUG:root:Episode 224  Average Score: 29.244   Current (avg) Score: 31.124
DEBUG:root:Episode 225  Average Score: 29.264   Current (avg) Score: 30.241                                    
DEBUG:root:Episode 226  Average Score: 29.285   Current (avg) Score: 30.289
DEBUG:root:Episode 227  Average Score: 29.308   Current (avg) Score: 30.583 
DEBUG:root:Episode 228  Average Score: 29.342   Current (avg) Score: 30.336                                    
DEBUG:root:Episode 229  Average Score: 29.358   Current (avg) Score: 30.385
DEBUG:root:Episode 230  Average Score: 29.370   Current (avg) Score: 29.725
DEBUG:root:Episode 231  Average Score: 29.397   Current (avg) Score: 30.089
DEBUG:root:Episode 232  Average Score: 29.412   Current (avg) Score: 31.094
DEBUG:root:Episode 233  Average Score: 29.436   Current (avg) Score: 30.912
DEBUG:root:Episode 234  Average Score: 29.435   Current (avg) Score: 29.427
DEBUG:root:Episode 235  Average Score: 29.451   Current (avg) Score: 30.044
DEBUG:root:Episode 236  Average Score: 29.453   Current (avg) Score: 30.117
DEBUG:root:Episode 237  Average Score: 29.467   Current (avg) Score: 30.794
DEBUG:root:Episode 238  Average Score: 29.460   Current (avg) Score: 28.530
DEBUG:root:Episode 239  Average Score: 29.470   Current (avg) Score: 31.082
DEBUG:root:Episode 240  Average Score: 29.481   Current (avg) Score: 30.664
DEBUG:root:Episode 241  Average Score: 29.499   Current (avg) Score: 30.316
DEBUG:root:Episode 242  Average Score: 29.521   Current (avg) Score: 30.139
DEBUG:root:Episode 243  Average Score: 29.545   Current (avg) Score: 30.881
DEBUG:root:Episode 244  Average Score: 29.562   Current (avg) Score: 29.780
DEBUG:root:Episode 245  Average Score: 29.583   Current (avg) Score: 31.222
DEBUG:root:Episode 246  Average Score: 29.596   Current (avg) Score: 30.405
DEBUG:root:Episode 247  Average Score: 29.606   Current (avg) Score: 31.408
DEBUG:root:Episode 248  Average Score: 29.626   Current (avg) Score: 30.772
DEBUG:root:Episode 249  Average Score: 29.663   Current (avg) Score: 30.202
DEBUG:root:Episode 250  Average Score: 29.679   Current (avg) Score: 30.334
DEBUG:root:Episode 251  Average Score: 29.703   Current (avg) Score: 30.536
DEBUG:root:Episode 252  Average Score: 29.720   Current (avg) Score: 30.692
DEBUG:root:Episode 253  Average Score: 29.730   Current (avg) Score: 30.063
DEBUG:root:Episode 254  Average Score: 29.733   Current (avg) Score: 30.016
DEBUG:root:Episode 255  Average Score: 29.733   Current (avg) Score: 30.184
DEBUG:root:Episode 256  Average Score: 29.747   Current (avg) Score: 30.279
DEBUG:root:Episode 257  Average Score: 29.748   Current (avg) Score: 29.915
DEBUG:root:Episode 258  Average Score: 29.771   Current (avg) Score: 30.800
DEBUG:root:Episode 259  Average Score: 29.805   Current (avg) Score: 31.561
DEBUG:root:Episode 260  Average Score: 29.810   Current (avg) Score: 30.441
DEBUG:root:Episode 261  Average Score: 29.811   Current (avg) Score: 30.181
DEBUG:root:Episode 262  Average Score: 29.820   Current (avg) Score: 30.592
DEBUG:root:Episode 263  Average Score: 29.823   Current (avg) Score: 29.141
DEBUG:root:Episode 264  Average Score: 29.821   Current (avg) Score: 29.792
DEBUG:root:Episode 265  Average Score: 29.846   Current (avg) Score: 31.015
DEBUG:root:Episode 266  Average Score: 29.868   Current (avg) Score: 31.835
DEBUG:root:Episode 267  Average Score: 29.876   Current (avg) Score: 30.501
DEBUG:root:Episode 268  Average Score: 29.896   Current (avg) Score: 31.195
DEBUG:root:Episode 269  Average Score: 29.912   Current (avg) Score: 29.929
DEBUG:root:Episode 270  Average Score: 29.934   Current (avg) Score: 31.232
DEBUG:root:Episode 271  Average Score: 29.953   Current (avg) Score: 31.165
DEBUG:root:Episode 272  Average Score: 29.984   Current (avg) Score: 31.466
DEBUG:root:Episode 273  Average Score: 30.010   Current (avg) Score: 31.397
INFO:root:Environment solved in 174 episodes!
INFO:root:Saving checkpoint file at checkpoint-%d.pth
